{
  "RSpec": {
    "coverage": {
      "/Users/thomasnieuwenhuis/Desktop/Documents/Turing Docs/mod_3/week1/rails_engine/rails-engine/config/environment.rb": {
        "lines": [
          null,
          1,
          null,
          null,
          1
        ]
      },
      "/Users/thomasnieuwenhuis/Desktop/Documents/Turing Docs/mod_3/week1/rails_engine/rails-engine/config/application.rb": {
        "lines": [
          1,
          null,
          1,
          null,
          1,
          1,
          1,
          1,
          1,
          1,
          1,
          1,
          null,
          null,
          null,
          null,
          null,
          1,
          null,
          1,
          1,
          null,
          1,
          null,
          null,
          null,
          null,
          null,
          null,
          null,
          null,
          null,
          1,
          null,
          null
        ]
      },
      "/Users/thomasnieuwenhuis/Desktop/Documents/Turing Docs/mod_3/week1/rails_engine/rails-engine/config/boot.rb": {
        "lines": [
          1,
          null,
          1,
          1
        ]
      },
      "/Users/thomasnieuwenhuis/Desktop/Documents/Turing Docs/mod_3/week1/rails_engine/rails-engine/config/environments/test.rb": {
        "lines": [
          1,
          null,
          null,
          null,
          null,
          null,
          null,
          1,
          null,
          null,
          null,
          null,
          1,
          null,
          null,
          1,
          1,
          null,
          null,
          null,
          null,
          1,
          1,
          null,
          null,
          1,
          null,
          null,
          1,
          null,
          null,
          1,
          null,
          1,
          null,
          null,
          null,
          null,
          1,
          null,
          null,
          1,
          null,
          null,
          null,
          null
        ]
      },
      "/Users/thomasnieuwenhuis/Desktop/Documents/Turing Docs/mod_3/week1/rails_engine/rails-engine/config/initializers/application_controller_renderer.rb": {
        "lines": [
          null,
          null,
          null,
          null,
          null,
          null,
          null,
          null
        ]
      },
      "/Users/thomasnieuwenhuis/Desktop/Documents/Turing Docs/mod_3/week1/rails_engine/rails-engine/config/initializers/backtrace_silencers.rb": {
        "lines": [
          null,
          null,
          null,
          null,
          null,
          null,
          null
        ]
      },
      "/Users/thomasnieuwenhuis/Desktop/Documents/Turing Docs/mod_3/week1/rails_engine/rails-engine/config/initializers/cors.rb": {
        "lines": [
          null,
          null,
          null,
          null,
          null,
          null,
          null,
          null,
          null,
          null,
          null,
          null,
          null,
          null,
          null,
          null
        ]
      },
      "/Users/thomasnieuwenhuis/Desktop/Documents/Turing Docs/mod_3/week1/rails_engine/rails-engine/config/initializers/filter_parameter_logging.rb": {
        "lines": [
          null,
          null,
          null,
          1
        ]
      },
      "/Users/thomasnieuwenhuis/Desktop/Documents/Turing Docs/mod_3/week1/rails_engine/rails-engine/config/initializers/inflections.rb": {
        "lines": [
          null,
          null,
          null,
          null,
          null,
          null,
          null,
          null,
          null,
          null,
          null,
          null,
          null,
          null,
          null,
          null
        ]
      },
      "/Users/thomasnieuwenhuis/Desktop/Documents/Turing Docs/mod_3/week1/rails_engine/rails-engine/config/initializers/mime_types.rb": {
        "lines": [
          null,
          null,
          null,
          null
        ]
      },
      "/Users/thomasnieuwenhuis/Desktop/Documents/Turing Docs/mod_3/week1/rails_engine/rails-engine/config/initializers/wrap_parameters.rb": {
        "lines": [
          null,
          null,
          null,
          null,
          null,
          null,
          1,
          2,
          null,
          null,
          null,
          null,
          null,
          null
        ]
      },
      "/Users/thomasnieuwenhuis/Desktop/Documents/Turing Docs/mod_3/week1/rails_engine/rails-engine/spec/factories/items.rb": {
        "lines": [
          1,
          1,
          1,
          11,
          11,
          11,
          1,
          null,
          null,
          null
        ]
      },
      "/Users/thomasnieuwenhuis/Desktop/Documents/Turing Docs/mod_3/week1/rails_engine/rails-engine/spec/factories/merchants.rb": {
        "lines": [
          1,
          1,
          1,
          94,
          null,
          null,
          null
        ]
      },
      "/Users/thomasnieuwenhuis/Desktop/Documents/Turing Docs/mod_3/week1/rails_engine/rails-engine/config/routes.rb": {
        "lines": [
          1,
          null,
          null,
          1,
          1,
          1,
          1,
          null,
          1,
          1,
          null,
          1,
          null,
          1,
          null,
          1,
          null,
          1,
          null,
          null,
          null,
          null
        ]
      },
      "/Users/thomasnieuwenhuis/Desktop/Documents/Turing Docs/mod_3/week1/rails_engine/rails-engine/spec/requests/api/v1/items_request_spec.rb": {
        "lines": [
          1,
          null,
          1,
          1,
          1,
          null,
          1,
          null,
          1,
          null,
          1,
          1,
          4,
          4,
          4,
          4,
          4,
          4,
          4,
          4,
          null,
          null,
          null,
          1,
          1,
          null,
          1,
          null,
          1,
          null,
          1,
          null,
          1,
          1,
          null,
          1,
          1,
          null,
          1,
          1,
          null,
          1,
          1,
          null,
          null,
          null,
          1,
          1,
          1,
          null,
          null,
          null,
          null,
          null,
          1,
          null,
          1,
          1,
          1,
          1,
          1,
          1,
          1,
          null,
          null,
          1,
          1,
          1,
          1,
          1,
          1,
          1,
          null,
          null,
          null,
          null,
          null,
          1,
          null,
          1,
          1,
          null,
          1,
          1,
          1,
          1,
          1,
          1,
          1,
          null,
          null,
          1,
          1,
          null,
          1,
          null,
          1,
          null,
          1,
          1,
          2,
          null,
          null,
          1,
          1,
          1,
          1,
          1,
          1,
          1,
          1,
          null,
          null,
          null,
          null
        ]
      },
      "/Users/thomasnieuwenhuis/Desktop/Documents/Turing Docs/mod_3/week1/rails_engine/rails-engine/spec/requests/api/v1/merchant_search_spec.rb": {
        "lines": [
          1,
          null,
          1,
          null,
          1,
          1,
          null,
          1,
          1,
          1,
          1,
          1,
          null,
          null,
          1,
          1,
          null,
          1,
          1,
          null,
          null,
          null
        ]
      },
      "/Users/thomasnieuwenhuis/Desktop/Documents/Turing Docs/mod_3/week1/rails_engine/rails-engine/spec/requests/api/v1/merchants_request_spec.rb": {
        "lines": [
          1,
          null,
          1,
          null,
          1,
          null,
          1,
          null,
          1,
          1,
          null,
          1,
          null,
          1,
          1,
          4,
          4,
          null,
          null,
          null,
          null,
          null,
          null,
          null,
          null,
          null,
          1,
          1,
          1,
          1,
          1,
          1,
          null,
          null,
          1,
          1,
          1,
          1,
          1,
          1,
          null,
          null,
          1,
          1,
          null,
          1,
          null,
          null,
          null,
          null,
          null,
          null,
          null,
          null,
          1,
          1,
          null,
          1,
          null,
          1,
          1,
          1,
          1,
          null,
          null,
          1,
          1,
          1,
          1,
          1,
          1,
          1,
          1,
          1,
          1,
          1,
          1,
          1,
          null,
          null
        ]
      },
      "/Users/thomasnieuwenhuis/Desktop/Documents/Turing Docs/mod_3/week1/rails_engine/rails-engine/app/models/merchant.rb": {
        "lines": [
          1,
          null,
          1,
          1,
          1,
          1,
          1,
          null,
          null,
          null,
          null,
          null,
          null
        ]
      },
      "/Users/thomasnieuwenhuis/Desktop/Documents/Turing Docs/mod_3/week1/rails_engine/rails-engine/app/models/application_record.rb": {
        "lines": [
          1,
          1,
          null
        ]
      },
      "/Users/thomasnieuwenhuis/Desktop/Documents/Turing Docs/mod_3/week1/rails_engine/rails-engine/app/models/item.rb": {
        "lines": [
          1,
          null,
          1,
          1,
          1,
          null,
          null
        ]
      },
      "/Users/thomasnieuwenhuis/Desktop/Documents/Turing Docs/mod_3/week1/rails_engine/rails-engine/app/controllers/api/v1/items/search_controller.rb": {
        "lines": [
          1,
          null,
          1,
          5,
          null,
          2,
          null,
          3,
          null,
          5,
          null,
          null,
          1,
          null,
          1,
          5,
          3,
          null,
          2,
          null,
          null,
          null,
          1,
          5,
          3,
          null,
          2,
          null,
          null,
          null,
          null,
          null
        ]
      },
      "/Users/thomasnieuwenhuis/Desktop/Documents/Turing Docs/mod_3/week1/rails_engine/rails-engine/app/controllers/application_controller.rb": {
        "lines": [
          1,
          null
        ]
      },
      "/Users/thomasnieuwenhuis/Desktop/Documents/Turing Docs/mod_3/week1/rails_engine/rails-engine/app/serializers/item_serializer.rb": {
        "lines": [
          1,
          1,
          1,
          null
        ]
      },
      "/Users/thomasnieuwenhuis/Desktop/Documents/Turing Docs/mod_3/week1/rails_engine/rails-engine/app/controllers/api/v1/items_controller.rb": {
        "lines": [
          1,
          null,
          1,
          null,
          1,
          null,
          1,
          null,
          null,
          1,
          1,
          null,
          null,
          1,
          1,
          null,
          null,
          1,
          1,
          null,
          null,
          1,
          1,
          null,
          null,
          1,
          null,
          1,
          2,
          null,
          null,
          null,
          null,
          null,
          null,
          null,
          null,
          null,
          null,
          null,
          null,
          null,
          1,
          null,
          1,
          1,
          0,
          null,
          1,
          null,
          null,
          null,
          1,
          1,
          null,
          0,
          0,
          null,
          0,
          null,
          null
        ]
      },
      "/Users/thomasnieuwenhuis/Desktop/Documents/Turing Docs/mod_3/week1/rails_engine/rails-engine/app/controllers/api/v1/items_merchant_controller.rb": {
        "lines": [
          1,
          null,
          1,
          1,
          1,
          null,
          1,
          null,
          null,
          null
        ]
      },
      "/Users/thomasnieuwenhuis/Desktop/Documents/Turing Docs/mod_3/week1/rails_engine/rails-engine/app/serializers/merchant_serializer.rb": {
        "lines": [
          1,
          1,
          1,
          null,
          null
        ]
      },
      "/Users/thomasnieuwenhuis/Desktop/Documents/Turing Docs/mod_3/week1/rails_engine/rails-engine/app/controllers/api/v1/merchants/search_controller.rb": {
        "lines": [
          1,
          null,
          1,
          1,
          1,
          null,
          null,
          null,
          null,
          null,
          null,
          null,
          null,
          null
        ]
      },
      "/Users/thomasnieuwenhuis/Desktop/Documents/Turing Docs/mod_3/week1/rails_engine/rails-engine/app/controllers/api/v1/merchants_controller.rb": {
        "lines": [
          1,
          null,
          1,
          4,
          null,
          4,
          null,
          null,
          1,
          1,
          null,
          null,
          1,
          null,
          1,
          5,
          3,
          null,
          2,
          null,
          null,
          null,
          1,
          4,
          null,
          1,
          0,
          null,
          1,
          null,
          null,
          null,
          null
        ]
      },
      "/Users/thomasnieuwenhuis/Desktop/Documents/Turing Docs/mod_3/week1/rails_engine/rails-engine/app/controllers/api/v1/merchants_items_controller.rb": {
        "lines": [
          1,
          null,
          1,
          1,
          1,
          null,
          1,
          null,
          null,
          null
        ]
      }
    },
    "timestamp": 1617757160
  }
}
