{
  "RSpec": {
    "coverage": {
      "/Users/thomasnieuwenhuis/Desktop/Documents/Turing Docs/mod_3/week1/rails_engine/rails-engine/config/environment.rb": {
        "lines": [
          null,
          1,
          null,
          null,
          1
        ]
      },
      "/Users/thomasnieuwenhuis/Desktop/Documents/Turing Docs/mod_3/week1/rails_engine/rails-engine/config/application.rb": {
        "lines": [
          1,
          null,
          1,
          null,
          1,
          1,
          1,
          1,
          1,
          1,
          1,
          1,
          null,
          null,
          null,
          null,
          null,
          1,
          null,
          1,
          1,
          null,
          1,
          null,
          null,
          null,
          null,
          null,
          null,
          null,
          null,
          null,
          1,
          null,
          null
        ]
      },
      "/Users/thomasnieuwenhuis/Desktop/Documents/Turing Docs/mod_3/week1/rails_engine/rails-engine/config/boot.rb": {
        "lines": [
          1,
          null,
          1,
          1
        ]
      },
      "/Users/thomasnieuwenhuis/Desktop/Documents/Turing Docs/mod_3/week1/rails_engine/rails-engine/config/environments/test.rb": {
        "lines": [
          1,
          null,
          null,
          null,
          null,
          null,
          null,
          1,
          null,
          null,
          null,
          null,
          1,
          null,
          null,
          1,
          1,
          null,
          null,
          null,
          null,
          1,
          1,
          null,
          null,
          1,
          null,
          null,
          1,
          null,
          null,
          1,
          null,
          1,
          null,
          null,
          null,
          null,
          1,
          null,
          null,
          1,
          null,
          null,
          null,
          null
        ]
      },
      "/Users/thomasnieuwenhuis/Desktop/Documents/Turing Docs/mod_3/week1/rails_engine/rails-engine/config/initializers/application_controller_renderer.rb": {
        "lines": [
          null,
          null,
          null,
          null,
          null,
          null,
          null,
          null
        ]
      },
      "/Users/thomasnieuwenhuis/Desktop/Documents/Turing Docs/mod_3/week1/rails_engine/rails-engine/config/initializers/backtrace_silencers.rb": {
        "lines": [
          null,
          null,
          null,
          null,
          null,
          null,
          null
        ]
      },
      "/Users/thomasnieuwenhuis/Desktop/Documents/Turing Docs/mod_3/week1/rails_engine/rails-engine/config/initializers/cors.rb": {
        "lines": [
          null,
          null,
          null,
          null,
          null,
          null,
          null,
          null,
          null,
          null,
          null,
          null,
          null,
          null,
          null,
          null
        ]
      },
      "/Users/thomasnieuwenhuis/Desktop/Documents/Turing Docs/mod_3/week1/rails_engine/rails-engine/config/initializers/filter_parameter_logging.rb": {
        "lines": [
          null,
          null,
          null,
          1
        ]
      },
      "/Users/thomasnieuwenhuis/Desktop/Documents/Turing Docs/mod_3/week1/rails_engine/rails-engine/config/initializers/inflections.rb": {
        "lines": [
          null,
          null,
          null,
          null,
          null,
          null,
          null,
          null,
          null,
          null,
          null,
          null,
          null,
          null,
          null,
          null
        ]
      },
      "/Users/thomasnieuwenhuis/Desktop/Documents/Turing Docs/mod_3/week1/rails_engine/rails-engine/config/initializers/mime_types.rb": {
        "lines": [
          null,
          null,
          null,
          null
        ]
      },
      "/Users/thomasnieuwenhuis/Desktop/Documents/Turing Docs/mod_3/week1/rails_engine/rails-engine/config/initializers/wrap_parameters.rb": {
        "lines": [
          null,
          null,
          null,
          null,
          null,
          null,
          1,
          1,
          null,
          null,
          null,
          null,
          null,
          null
        ]
      },
      "/Users/thomasnieuwenhuis/Desktop/Documents/Turing Docs/mod_3/week1/rails_engine/rails-engine/config/routes.rb": {
        "lines": [
          1,
          null,
          null
        ]
      },
      "/Users/thomasnieuwenhuis/Desktop/Documents/Turing Docs/mod_3/week1/rails_engine/rails-engine/app/models/customer.rb": {
        "lines": [
          1,
          1,
          1,
          1,
          null
        ]
      },
      "/Users/thomasnieuwenhuis/Desktop/Documents/Turing Docs/mod_3/week1/rails_engine/rails-engine/app/models/application_record.rb": {
        "lines": [
          1,
          1,
          null
        ]
      },
      "/Users/thomasnieuwenhuis/Desktop/Documents/Turing Docs/mod_3/week1/rails_engine/rails-engine/spec/models/invoice_item_spec.rb": {
        "lines": [
          1,
          null,
          1,
          1,
          2,
          2,
          null,
          null
        ]
      },
      "/Users/thomasnieuwenhuis/Desktop/Documents/Turing Docs/mod_3/week1/rails_engine/rails-engine/app/models/invoice_item.rb": {
        "lines": [
          1,
          1,
          1,
          null
        ]
      },
      "/Users/thomasnieuwenhuis/Desktop/Documents/Turing Docs/mod_3/week1/rails_engine/rails-engine/spec/models/invoice_spec.rb": {
        "lines": [
          1,
          null,
          1,
          1,
          2,
          2,
          2,
          2,
          null,
          null
        ]
      },
      "/Users/thomasnieuwenhuis/Desktop/Documents/Turing Docs/mod_3/week1/rails_engine/rails-engine/app/models/invoice.rb": {
        "lines": [
          1,
          null,
          1,
          1,
          1,
          1,
          1,
          null,
          1,
          null,
          null
        ]
      },
      "/Users/thomasnieuwenhuis/Desktop/Documents/Turing Docs/mod_3/week1/rails_engine/rails-engine/spec/models/item_spec.rb": {
        "lines": [
          1,
          null,
          1,
          null,
          1,
          2,
          2,
          2,
          null,
          null
        ]
      },
      "/Users/thomasnieuwenhuis/Desktop/Documents/Turing Docs/mod_3/week1/rails_engine/rails-engine/app/models/item.rb": {
        "lines": [
          1,
          null,
          1,
          1,
          1,
          null,
          null
        ]
      },
      "/Users/thomasnieuwenhuis/Desktop/Documents/Turing Docs/mod_3/week1/rails_engine/rails-engine/spec/models/merchant_spec.rb": {
        "lines": [
          1,
          null,
          1,
          null,
          1,
          2,
          2,
          2,
          2,
          2,
          null,
          null
        ]
      },
      "/Users/thomasnieuwenhuis/Desktop/Documents/Turing Docs/mod_3/week1/rails_engine/rails-engine/app/models/merchant.rb": {
        "lines": [
          1,
          null,
          1,
          1,
          1,
          1,
          1,
          null,
          null
        ]
      },
      "/Users/thomasnieuwenhuis/Desktop/Documents/Turing Docs/mod_3/week1/rails_engine/rails-engine/spec/models/transaction_spec.rb": {
        "lines": [
          1,
          null,
          1,
          1,
          2,
          null,
          null
        ]
      },
      "/Users/thomasnieuwenhuis/Desktop/Documents/Turing Docs/mod_3/week1/rails_engine/rails-engine/app/models/transaction.rb": {
        "lines": [
          1,
          null,
          1,
          null,
          1,
          null
        ]
      }
    },
    "timestamp": 1617390723
  }
}
